{
  "RSpec": {
    "coverage": {
      "/Users/christianvalesares/mod3/projects/sweater_weather/sweater_weather/config/environment.rb": {
        "lines": [
          null,
          1,
          null,
          null,
          1
        ]
      },
      "/Users/christianvalesares/mod3/projects/sweater_weather/sweater_weather/config/application.rb": {
        "lines": [
          1,
          null,
          1,
          null,
          1,
          1,
          1,
          1,
          1,
          1,
          1,
          1,
          1,
          1,
          null,
          null,
          null,
          null,
          null,
          1,
          null,
          1,
          1,
          null,
          1,
          null,
          null,
          null,
          null,
          null,
          null,
          null,
          null,
          null,
          null,
          null,
          null,
          1,
          null,
          null
        ]
      },
      "/Users/christianvalesares/mod3/projects/sweater_weather/sweater_weather/config/boot.rb": {
        "lines": [
          1,
          null,
          1,
          1
        ]
      },
      "/Users/christianvalesares/mod3/projects/sweater_weather/sweater_weather/config/environments/test.rb": {
        "lines": [
          1,
          null,
          null,
          null,
          null,
          null,
          null,
          1,
          null,
          null,
          1,
          null,
          null,
          null,
          null,
          1,
          null,
          null,
          1,
          1,
          null,
          null,
          null,
          null,
          1,
          1,
          1,
          null,
          null,
          1,
          null,
          null,
          1,
          null,
          null,
          1,
          null,
          1,
          null,
          null,
          null,
          null,
          1,
          null,
          null,
          1,
          null,
          null,
          1,
          null,
          null,
          1,
          null,
          null,
          null,
          null,
          null,
          null,
          null
        ]
      },
      "/Users/christianvalesares/mod3/projects/sweater_weather/sweater_weather/config/initializers/application_controller_renderer.rb": {
        "lines": [
          null,
          null,
          null,
          null,
          null,
          null,
          null,
          null
        ]
      },
      "/Users/christianvalesares/mod3/projects/sweater_weather/sweater_weather/config/initializers/backtrace_silencers.rb": {
        "lines": [
          null,
          null,
          null,
          null,
          null,
          null,
          null,
          1
        ]
      },
      "/Users/christianvalesares/mod3/projects/sweater_weather/sweater_weather/config/initializers/cors.rb": {
        "lines": [
          null,
          null,
          null,
          null,
          null,
          null,
          null,
          null,
          null,
          null,
          null,
          null,
          null,
          null,
          null,
          null
        ]
      },
      "/Users/christianvalesares/mod3/projects/sweater_weather/sweater_weather/config/initializers/filter_parameter_logging.rb": {
        "lines": [
          null,
          null,
          null,
          1,
          null,
          null
        ]
      },
      "/Users/christianvalesares/mod3/projects/sweater_weather/sweater_weather/config/initializers/inflections.rb": {
        "lines": [
          null,
          null,
          null,
          null,
          null,
          null,
          null,
          null,
          null,
          null,
          null,
          null,
          null,
          null,
          null,
          null
        ]
      },
      "/Users/christianvalesares/mod3/projects/sweater_weather/sweater_weather/config/initializers/mime_types.rb": {
        "lines": [
          null,
          null,
          null,
          null
        ]
      },
      "/Users/christianvalesares/mod3/projects/sweater_weather/sweater_weather/config/initializers/wrap_parameters.rb": {
        "lines": [
          null,
          null,
          null,
          null,
          null,
          null,
          1,
          2,
          null,
          null,
          null,
          null,
          null,
          null
        ]
      },
      "/Users/christianvalesares/mod3/projects/sweater_weather/sweater_weather/config/routes.rb": {
        "lines": [
          1,
          null,
          null,
          1,
          1,
          1,
          1,
          1,
          1,
          1,
          null,
          1,
          null,
          null,
          null
        ]
      },
      "/Users/christianvalesares/mod3/projects/sweater_weather/sweater_weather/app/facades/mapquest_facade.rb": {
        "lines": [
          1,
          1,
          1,
          10,
          10,
          10,
          null,
          null,
          null,
          1,
          5,
          5,
          null,
          null,
          null
        ]
      },
      "/Users/christianvalesares/mod3/projects/sweater_weather/sweater_weather/spec/facades/openlibrary_facade_spec.rb": {
        "lines": [
          1,
          null,
          1,
          1,
          1,
          null,
          1,
          null,
          null
        ]
      },
      "/Users/christianvalesares/mod3/projects/sweater_weather/sweater_weather/app/facades/openlibrary_facade.rb": {
        "lines": [
          1,
          1,
          1,
          4,
          4,
          20,
          null,
          null,
          null,
          1,
          1,
          null,
          null,
          null
        ]
      },
      "/Users/christianvalesares/mod3/projects/sweater_weather/sweater_weather/spec/facades/openweather_facade_spec.rb": {
        "lines": [
          1,
          null,
          1,
          1,
          1,
          null,
          1,
          null,
          null,
          1,
          1,
          null,
          1,
          null,
          null,
          1,
          1,
          null,
          1,
          null,
          null
        ]
      },
      "/Users/christianvalesares/mod3/projects/sweater_weather/sweater_weather/app/facades/openweather_facade.rb": {
        "lines": [
          1,
          1,
          1,
          5,
          5,
          null,
          null,
          1,
          4,
          4,
          20,
          null,
          null,
          null,
          1,
          4,
          4,
          32,
          null,
          null,
          null,
          1,
          5,
          5,
          240,
          null,
          null,
          null,
          null
        ]
      },
      "/Users/christianvalesares/mod3/projects/sweater_weather/sweater_weather/spec/facades/unsplash_facade_spec.rb": {
        "lines": [
          1,
          null,
          1,
          1,
          1,
          null,
          1,
          null,
          null
        ]
      },
      "/Users/christianvalesares/mod3/projects/sweater_weather/sweater_weather/app/facades/unsplash_facade.rb": {
        "lines": [
          1,
          1,
          4,
          4,
          40,
          null,
          null,
          null
        ]
      },
      "/Users/christianvalesares/mod3/projects/sweater_weather/sweater_weather/spec/models/user_spec.rb": {
        "lines": [
          1,
          null,
          1,
          1,
          2,
          2,
          2,
          2,
          2,
          null,
          null,
          1,
          1,
          1,
          1,
          1,
          null,
          1,
          1,
          1,
          null,
          null,
          null,
          null
        ]
      },
      "/Users/christianvalesares/mod3/projects/sweater_weather/sweater_weather/app/models/user.rb": {
        "lines": [
          1,
          1,
          1,
          1,
          null,
          1,
          null,
          1,
          255,
          null,
          null
        ]
      },
      "/Users/christianvalesares/mod3/projects/sweater_weather/sweater_weather/app/models/application_record.rb": {
        "lines": [
          1,
          1,
          null
        ]
      },
      "/Users/christianvalesares/mod3/projects/sweater_weather/sweater_weather/spec/poros/background_photo_spec.rb": {
        "lines": [
          1,
          null,
          1,
          1,
          2,
          null,
          null,
          1,
          1,
          null,
          null,
          1,
          1,
          1,
          1,
          1,
          1,
          null,
          null
        ]
      },
      "/Users/christianvalesares/mod3/projects/sweater_weather/sweater_weather/app/poros/background_photo.rb": {
        "lines": [
          1,
          1,
          null,
          null,
          null,
          null,
          null,
          null,
          1,
          40,
          40,
          40,
          40,
          40,
          null,
          null
        ]
      },
      "/Users/christianvalesares/mod3/projects/sweater_weather/sweater_weather/spec/poros/book_spec.rb": {
        "lines": [
          1,
          null,
          1,
          1,
          2,
          null,
          null,
          1,
          1,
          null,
          null,
          1,
          1,
          1,
          1,
          null,
          null
        ]
      },
      "/Users/christianvalesares/mod3/projects/sweater_weather/sweater_weather/app/poros/book.rb": {
        "lines": [
          1,
          1,
          null,
          null,
          null,
          1,
          20,
          20,
          20,
          null,
          null
        ]
      },
      "/Users/christianvalesares/mod3/projects/sweater_weather/sweater_weather/spec/poros/current_weather_spec.rb": {
        "lines": [
          1,
          null,
          1,
          1,
          2,
          null,
          null,
          1,
          1,
          1,
          null,
          null,
          1,
          1,
          1,
          1,
          1,
          1,
          1,
          1,
          1,
          1,
          1,
          null,
          null,
          null
        ]
      },
      "/Users/christianvalesares/mod3/projects/sweater_weather/sweater_weather/app/poros/current_weather.rb": {
        "lines": [
          1,
          1,
          null,
          null,
          null,
          null,
          null,
          null,
          null,
          null,
          null,
          null,
          null,
          1,
          5,
          5,
          5,
          5,
          5,
          5,
          5,
          5,
          5,
          5,
          null,
          null
        ]
      },
      "/Users/christianvalesares/mod3/projects/sweater_weather/sweater_weather/spec/poros/daily_weather_spec.rb": {
        "lines": [
          1,
          null,
          1,
          1,
          2,
          null,
          null,
          1,
          1,
          1,
          null,
          null,
          1,
          1,
          1,
          1,
          1,
          1,
          1,
          1,
          null,
          null,
          null
        ]
      },
      "/Users/christianvalesares/mod3/projects/sweater_weather/sweater_weather/app/poros/daily_weather.rb": {
        "lines": [
          1,
          1,
          null,
          null,
          null,
          null,
          null,
          null,
          null,
          null,
          1,
          20,
          20,
          20,
          20,
          20,
          20,
          20,
          null,
          null
        ]
      },
      "/Users/christianvalesares/mod3/projects/sweater_weather/sweater_weather/spec/poros/hourly_weather_spec.rb": {
        "lines": [
          1,
          null,
          1,
          1,
          2,
          null,
          null,
          1,
          1,
          1,
          null,
          null,
          1,
          1,
          1,
          1,
          1,
          null,
          null,
          null
        ]
      },
      "/Users/christianvalesares/mod3/projects/sweater_weather/sweater_weather/app/poros/hourly_weather.rb": {
        "lines": [
          1,
          1,
          null,
          null,
          null,
          null,
          null,
          1,
          272,
          272,
          272,
          272,
          null,
          null
        ]
      },
      "/Users/christianvalesares/mod3/projects/sweater_weather/sweater_weather/spec/poros/place_spec.rb": {
        "lines": [
          1,
          null,
          1,
          1,
          2,
          2,
          null,
          null,
          null,
          1,
          1,
          null,
          null,
          1,
          1,
          1,
          null,
          null
        ]
      },
      "/Users/christianvalesares/mod3/projects/sweater_weather/sweater_weather/app/poros/place.rb": {
        "lines": [
          1,
          1,
          null,
          null,
          1,
          10,
          10,
          null,
          null
        ]
      },
      "/Users/christianvalesares/mod3/projects/sweater_weather/sweater_weather/spec/poros/road_trip_spec.rb": {
        "lines": [
          1,
          null,
          1,
          1,
          2,
          null,
          null,
          1,
          1,
          null,
          null,
          1,
          1,
          1,
          1,
          1,
          1,
          null,
          null
        ]
      },
      "/Users/christianvalesares/mod3/projects/sweater_weather/sweater_weather/app/poros/road_trip.rb": {
        "lines": [
          1,
          1,
          null,
          null,
          null,
          null,
          null,
          null,
          1,
          5,
          5,
          5,
          5,
          5,
          5,
          null,
          null
        ]
      },
      "/Users/christianvalesares/mod3/projects/sweater_weather/sweater_weather/spec/requests/api/v1/backgrounds_request_spec.rb": {
        "lines": [
          1,
          null,
          1,
          1,
          1,
          1,
          1,
          null,
          1,
          1,
          null,
          1,
          1,
          1,
          1,
          1,
          1,
          1,
          1,
          1,
          1,
          null,
          null,
          null
        ]
      },
      "/Users/christianvalesares/mod3/projects/sweater_weather/sweater_weather/spec/requests/api/v1/book_search_request_spec.rb": {
        "lines": [
          1,
          null,
          1,
          1,
          1,
          1,
          null,
          1,
          1,
          null,
          1,
          1,
          null,
          1,
          1,
          1,
          1,
          1,
          1,
          1,
          1,
          null,
          null
        ]
      },
      "/Users/christianvalesares/mod3/projects/sweater_weather/sweater_weather/spec/requests/api/v1/forecast_request_spec.rb": {
        "lines": [
          1,
          null,
          1,
          1,
          1,
          1,
          1,
          null,
          1,
          1,
          null,
          1,
          null,
          1,
          1,
          1,
          1,
          1,
          1,
          1,
          1,
          1,
          1,
          1,
          1,
          1,
          1,
          1,
          1,
          null,
          1,
          1,
          1,
          1,
          1,
          1,
          1,
          1,
          1,
          1,
          1,
          1,
          1,
          1,
          null,
          1,
          1,
          1,
          1,
          1,
          1,
          1,
          1,
          1,
          1,
          1,
          1,
          1,
          1,
          1,
          null,
          null
        ]
      },
      "/Users/christianvalesares/mod3/projects/sweater_weather/sweater_weather/spec/requests/api/v1/road_trip_request_spec.rb": {
        "lines": [
          1,
          null,
          1,
          1,
          1,
          null,
          null,
          1,
          null,
          null,
          null,
          1,
          null,
          1,
          1,
          null,
          1,
          1,
          1,
          1,
          1,
          1,
          null,
          null,
          1,
          1,
          null,
          null,
          1,
          null,
          null,
          null,
          1,
          null,
          1,
          null,
          1,
          1,
          null,
          null
        ]
      },
      "/Users/christianvalesares/mod3/projects/sweater_weather/sweater_weather/spec/requests/api/v1/users_request_spec.rb": {
        "lines": [
          1,
          null,
          1,
          1,
          null,
          3,
          null,
          null,
          null,
          3,
          3,
          3,
          null,
          null,
          1,
          1,
          1,
          1,
          null,
          null,
          1,
          1,
          null,
          1,
          null,
          null,
          1,
          null,
          1,
          null,
          null,
          null,
          1,
          null,
          1,
          1,
          null,
          null
        ]
      },
      "/Users/christianvalesares/mod3/projects/sweater_weather/sweater_weather/spec/services/mapquest_service_spec.rb": {
        "lines": [
          1,
          null,
          1,
          1,
          1,
          null,
          null,
          1,
          1,
          null,
          1,
          1,
          null,
          null,
          1,
          1,
          null,
          1,
          1,
          null,
          null,
          null,
          null
        ]
      },
      "/Users/christianvalesares/mod3/projects/sweater_weather/sweater_weather/app/services/mapquest_service.rb": {
        "lines": [
          1,
          1,
          null,
          1,
          18,
          null,
          null,
          1,
          11,
          11,
          11,
          null,
          null,
          11,
          null,
          null,
          1,
          6,
          6,
          6,
          6,
          null,
          null,
          6,
          null,
          null,
          null,
          null
        ]
      },
      "/Users/christianvalesares/mod3/projects/sweater_weather/sweater_weather/spec/services/openlibrary_service_spec.rb": {
        "lines": [
          1,
          null,
          1,
          1,
          1,
          null,
          null,
          1,
          1,
          null,
          1,
          1,
          null,
          null
        ]
      },
      "/Users/christianvalesares/mod3/projects/sweater_weather/sweater_weather/app/services/openlibrary_service.rb": {
        "lines": [
          1,
          1,
          null,
          1,
          7,
          null,
          null,
          1,
          6,
          6,
          6,
          null,
          null,
          6,
          null,
          null,
          null
        ]
      },
      "/Users/christianvalesares/mod3/projects/sweater_weather/sweater_weather/spec/services/openweather_service_spec.rb": {
        "lines": [
          1,
          null,
          1,
          1,
          1,
          null,
          null,
          1,
          1,
          null,
          1,
          1,
          null,
          null
        ]
      },
      "/Users/christianvalesares/mod3/projects/sweater_weather/sweater_weather/app/services/openweather_service.rb": {
        "lines": [
          1,
          1,
          null,
          1,
          20,
          null,
          null,
          1,
          19,
          19,
          19,
          19,
          19,
          null,
          null,
          19,
          null,
          null,
          null
        ]
      },
      "/Users/christianvalesares/mod3/projects/sweater_weather/sweater_weather/spec/services/unsplash_service_spec.rb": {
        "lines": [
          1,
          null,
          1,
          1,
          1,
          null,
          null,
          1,
          1,
          null,
          1,
          1,
          null,
          null
        ]
      },
      "/Users/christianvalesares/mod3/projects/sweater_weather/sweater_weather/app/services/unsplash_service.rb": {
        "lines": [
          1,
          1,
          null,
          1,
          6,
          null,
          null,
          1,
          5,
          5,
          5,
          null,
          null,
          5,
          null,
          null,
          null
        ]
      },
      "/Users/christianvalesares/mod3/projects/sweater_weather/sweater_weather/app/controllers/api/v1/backgrounds_controller.rb": {
        "lines": [
          1,
          1,
          1,
          1,
          null,
          null
        ]
      },
      "/Users/christianvalesares/mod3/projects/sweater_weather/sweater_weather/app/controllers/application_controller.rb": {
        "lines": [
          1,
          null
        ]
      },
      "/Users/christianvalesares/mod3/projects/sweater_weather/sweater_weather/app/controllers/api/v1/book_search_controller.rb": {
        "lines": [
          1,
          1,
          1,
          1,
          1,
          1,
          null,
          1,
          null,
          null
        ]
      },
      "/Users/christianvalesares/mod3/projects/sweater_weather/sweater_weather/app/controllers/api/v1/forecast_controller.rb": {
        "lines": [
          1,
          1,
          1,
          1,
          1,
          1,
          null,
          1,
          null,
          null
        ]
      },
      "/Users/christianvalesares/mod3/projects/sweater_weather/sweater_weather/app/controllers/api/v1/road_trip_controller.rb": {
        "lines": [
          1,
          1,
          2,
          2,
          2,
          2,
          null,
          2,
          1,
          null,
          1,
          null,
          null,
          null
        ]
      },
      "/Users/christianvalesares/mod3/projects/sweater_weather/sweater_weather/app/controllers/api/v1/users_controller.rb": {
        "lines": [
          1,
          null,
          1,
          3,
          3,
          null,
          null,
          1,
          2,
          2,
          1,
          1,
          null,
          1,
          null,
          null,
          null,
          1,
          1,
          5,
          null,
          null
        ]
      },
      "/Users/christianvalesares/mod3/projects/sweater_weather/sweater_weather/app/serializers/user_serializer.rb": {
        "lines": [
          1,
          1,
          1,
          null
        ]
      }
    },
    "timestamp": 1642531443
  }
}
